{"type":"server-started","port":53000,"host":"127.0.0.1","url_host":"localhost","url":"http://localhost:53000","screen_dir":"/Users/hj/Desktop/hj/NeonPaw/.superpowers/brainstorm/90170-1777728508/content","state_dir":"/Users/hj/Desktop/hj/NeonPaw/.superpowers/brainstorm/90170-1777728508/state"}
{"type":"screen-added","file":"/Users/hj/Desktop/hj/NeonPaw/.superpowers/brainstorm/90170-1777728508/content/layout-options.html"}
{"type":"screen-updated","file":"/Users/hj/Desktop/hj/NeonPaw/.superpowers/brainstorm/90170-1777728508/content/layout-options.html"}
{"type":"screen-updated","file":"/Users/hj/Desktop/hj/NeonPaw/.superpowers/brainstorm/90170-1777728508/content/layout-options.html"}
{"type":"screen-updated","file":"/Users/hj/Desktop/hj/NeonPaw/.superpowers/brainstorm/90170-1777728508/content/layout-options.html"}
{"type":"screen-added","file":"/Users/hj/Desktop/hj/NeonPaw/.superpowers/brainstorm/90170-1777728508/content/waiting.html"}
{"type":"screen-updated","file":"/Users/hj/Desktop/hj/NeonPaw/.superpowers/brainstorm/90170-1777728508/content/waiting.html"}
{"type":"screen-updated","file":"/Users/hj/Desktop/hj/NeonPaw/.superpowers/brainstorm/90170-1777728508/content/waiting.html"}
{"type":"screen-updated","file":"/Users/hj/Desktop/hj/NeonPaw/.superpowers/brainstorm/90170-1777728508/content/waiting.html"}
{"type":"screen-added","file":"/Users/hj/Desktop/hj/NeonPaw/.superpowers/brainstorm/90170-1777728508/content/dev-approaches.html"}
{"type":"screen-updated","file":"/Users/hj/Desktop/hj/NeonPaw/.superpowers/brainstorm/90170-1777728508/content/dev-approaches.html"}
{"type":"screen-updated","file":"/Users/hj/Desktop/hj/NeonPaw/.superpowers/brainstorm/90170-1777728508/content/dev-approaches.html"}
{"type":"screen-updated","file":"/Users/hj/Desktop/hj/NeonPaw/.superpowers/brainstorm/90170-1777728508/content/dev-approaches.html"}
{"type":"screen-updated","file":"/Users/hj/Desktop/hj/NeonPaw/.superpowers/brainstorm/90170-1777728508/content/dev-approaches.html"}
{"type":"screen-added","file":"/Users/hj/Desktop/hj/NeonPaw/.superpowers/brainstorm/90170-1777728508/content/waiting-2.html"}
{"type":"screen-updated","file":"/Users/hj/Desktop/hj/NeonPaw/.superpowers/brainstorm/90170-1777728508/content/waiting-2.html"}
{"type":"screen-updated","file":"/Users/hj/Desktop/hj/NeonPaw/.superpowers/brainstorm/90170-1777728508/content/waiting-2.html"}
{"type":"screen-updated","file":"/Users/hj/Desktop/hj/NeonPaw/.superpowers/brainstorm/90170-1777728508/content/waiting-2.html"}
{"type":"screen-added","file":"/Users/hj/Desktop/hj/NeonPaw/.superpowers/brainstorm/90170-1777728508/content/ascii-frames.html"}
{"type":"screen-updated","file":"/Users/hj/Desktop/hj/NeonPaw/.superpowers/brainstorm/90170-1777728508/content/ascii-frames.html"}
{"type":"screen-updated","file":"/Users/hj/Desktop/hj/NeonPaw/.superpowers/brainstorm/90170-1777728508/content/ascii-frames.html"}
{"type":"screen-updated","file":"/Users/hj/Desktop/hj/NeonPaw/.superpowers/brainstorm/90170-1777728508/content/ascii-frames.html"}
{"type":"screen-added","file":"/Users/hj/Desktop/hj/NeonPaw/.superpowers/brainstorm/90170-1777728508/content/terminal-effects.html"}
{"type":"screen-updated","file":"/Users/hj/Desktop/hj/NeonPaw/.superpowers/brainstorm/90170-1777728508/content/terminal-effects.html"}
{"type":"screen-updated","file":"/Users/hj/Desktop/hj/NeonPaw/.superpowers/brainstorm/90170-1777728508/content/terminal-effects.html"}
{"type":"screen-updated","file":"/Users/hj/Desktop/hj/NeonPaw/.superpowers/brainstorm/90170-1777728508/content/terminal-effects.html"}
{"type":"server-stopped","reason":"idle timeout"}
